#
# There is insufficient memory for the Java Runtime Environment to continue.
# Native memory allocation (malloc) failed to allocate 1270736 bytes. Error detail: Chunk::new
# Possible reasons:
#   The system is out of physical RAM or swap space
#   This process is running with CompressedOops enabled, and the Java Heap may be blocking the growth of the native heap
# Possible solutions:
#   Reduce memory load on the system
#   Increase physical memory or swap space
#   Check if swap backing store is full
#   Decrease Java heap size (-Xmx/-Xms)
#   Decrease number of Java threads
#   Decrease Java thread stack sizes (-Xss)
#   Set larger code cache with -XX:ReservedCodeCacheSize=
#   JVM is running with Unscaled Compressed Oops mode in which the Java heap is
#     placed in the first 4GB address space. The Java Heap base address is the
#     maximum limit for the native heap growth. Please use -XX:HeapBaseMinAddress
#     to set the Java Heap base and to place the Java Heap above 4GB virtual address.
# This output file may be truncated or incomplete.
#
#  Out of Memory Error (arena.cpp:191), pid=13720, tid=33008
#
# JRE version: OpenJDK Runtime Environment OpenLogic-OpenJDK (17.0.11+9) (build 17.0.11+9-adhoc..jdk17u)
# Java VM: OpenJDK 64-Bit Server VM OpenLogic-OpenJDK (17.0.11+9-adhoc..jdk17u, mixed mode, sharing, tiered, compressed oops, compressed class ptrs, g1 gc, windows-amd64)
# No core dump will be written. Minidumps are not enabled by default on client versions of Windows
#

---------------  S U M M A R Y ------------

Command Line: -javaagent:C:\Program Files\JetBrains\IntelliJ IDEA 2025.2.1\lib\idea_rt.jar=54651 -Dfile.encoding=UTF-8 sn.seck.GestionCliniqueKissi.GestionCliniqueKissiApplication

Host: Intel(R) Core(TM) i5-1035G1 CPU @ 1.00GHz, 8 cores, 7G,  Windows 11 , 64 bit Build 26100 (10.0.26100.5074)
Time: Sat Oct  4 20:55:09 2025 Greenwich elapsed time: 53.720485 seconds (0d 0h 0m 53s)

---------------  T H R E A D  ---------------

Current thread (0x0000019a5e556990):  JavaThread "C2 CompilerThread0" daemon [_thread_in_native, id=33008, stack(0x0000003907100000,0x0000003907200000)]


Current CompileTask:
C2:  53720 5761       4       jdk.internal.org.objectweb.asm.MethodWriter::computeAllFrames (510 bytes)

Stack: [0x0000003907100000,0x0000003907200000]
Native frames: (J=compiled Java code, j=interpreted, Vv=VM code, C=native code)
V  [jvm.dll+0x67d009]
V  [jvm.dll+0x8348aa]
V  [jvm.dll+0x83636e]
V  [jvm.dll+0x8369d3]
V  [jvm.dll+0x2479df]
V  [jvm.dll+0xac534]
V  [jvm.dll+0xacb7c]
V  [jvm.dll+0x3661f2]
V  [jvm.dll+0x3307ba]
V  [jvm.dll+0x32fc5a]
V  [jvm.dll+0x21a0c1]
V  [jvm.dll+0x219501]
V  [jvm.dll+0x1a524d]
V  [jvm.dll+0x22920d]
V  [jvm.dll+0x2273dc]
V  [jvm.dll+0x7e9a17]
V  [jvm.dll+0x7e3e1a]
V  [jvm.dll+0x67bef5]
C  [ucrtbase.dll+0x37b0]
C  [KERNEL32.DLL+0x2e8d7]
C  [ntdll.dll+0x8d9c]


---------------  P R O C E S S  ---------------

Threads class SMR info:
_java_thread_list=0x0000019aa52ca4f0, length=22, elements={
0x0000019a3d3fc540, 0x0000019a5e540200, 0x0000019a5e540dc0, 0x0000019a5e551020,
0x0000019a5e553d00, 0x0000019a5e5546c0, 0x0000019a5e555080, 0x0000019a5e556990,
0x0000019a5e557390, 0x0000019a5e559da0, 0x0000019a5eb14ef0, 0x0000019aa44b7b00,
0x0000019aa44b9ff0, 0x0000019aa47e47f0, 0x0000019aa50ac870, 0x0000019aa4f89e80,
0x0000019aa51e42a0, 0x0000019aa51fa930, 0x0000019aa51f8ad0, 0x0000019aa5a89d10,
0x0000019aa5a89800, 0x0000019aa5a8b660
}

Java Threads: ( => current thread )
  0x0000019a3d3fc540 JavaThread "main" [_thread_blocked, id=10624, stack(0x0000003906400000,0x0000003906500000)]
  0x0000019a5e540200 JavaThread "Reference Handler" daemon [_thread_blocked, id=33080, stack(0x0000003906b00000,0x0000003906c00000)]
  0x0000019a5e540dc0 JavaThread "Finalizer" daemon [_thread_blocked, id=28356, stack(0x0000003906c00000,0x0000003906d00000)]
  0x0000019a5e551020 JavaThread "Signal Dispatcher" daemon [_thread_blocked, id=1940, stack(0x0000003906d00000,0x0000003906e00000)]
  0x0000019a5e553d00 JavaThread "Attach Listener" daemon [_thread_blocked, id=26620, stack(0x0000003906e00000,0x0000003906f00000)]
  0x0000019a5e5546c0 JavaThread "Service Thread" daemon [_thread_blocked, id=924, stack(0x0000003906f00000,0x0000003907000000)]
  0x0000019a5e555080 JavaThread "Monitor Deflation Thread" daemon [_thread_blocked, id=26284, stack(0x0000003907000000,0x0000003907100000)]
=>0x0000019a5e556990 JavaThread "C2 CompilerThread0" daemon [_thread_in_native, id=33008, stack(0x0000003907100000,0x0000003907200000)]
  0x0000019a5e557390 JavaThread "C1 CompilerThread0" daemon [_thread_blocked, id=31324, stack(0x0000003907200000,0x0000003907300000)]
  0x0000019a5e559da0 JavaThread "Sweeper thread" daemon [_thread_blocked, id=23840, stack(0x0000003907300000,0x0000003907400000)]
  0x0000019a5eb14ef0 JavaThread "Common-Cleaner" daemon [_thread_blocked, id=25904, stack(0x0000003907400000,0x0000003907500000)]
  0x0000019aa44b7b00 JavaThread "Monitor Ctrl-Break" daemon [_thread_in_native, id=35076, stack(0x0000003907500000,0x0000003907600000)]
  0x0000019aa44b9ff0 JavaThread "Notification Thread" daemon [_thread_blocked, id=18720, stack(0x0000003907600000,0x0000003907700000)]
  0x0000019aa47e47f0 JavaThread "RMI TCP Accept-0" daemon [_thread_in_native, id=22488, stack(0x0000003907800000,0x0000003907900000)]
  0x0000019aa50ac870 JavaThread "RMI TCP Connection(1)-192.168.1.3" daemon [_thread_in_native, id=12564, stack(0x0000003908100000,0x0000003908200000)]
  0x0000019aa4f89e80 JavaThread "RMI Scheduler(0)" daemon [_thread_blocked, id=34300, stack(0x0000003908300000,0x0000003908400000)]
  0x0000019aa51e42a0 JavaThread "JMX server connection timeout 20" daemon [_thread_blocked, id=29604, stack(0x0000003908400000,0x0000003908500000)]
  0x0000019aa51fa930 JavaThread "Thread-0" [_thread_blocked, id=32100, stack(0x0000003908200000,0x0000003908300000)]
  0x0000019aa51f8ad0 JavaThread "restartedMain" [_thread_in_native, id=7592, stack(0x0000003908500000,0x0000003908600000)]
  0x0000019aa5a89d10 JavaThread "RMI TCP Connection(idle)" daemon [_thread_blocked, id=35668, stack(0x0000003908b00000,0x0000003908c00000)]
  0x0000019aa5a89800 JavaThread "HikariPool-1 housekeeper" daemon [_thread_blocked, id=24116, stack(0x0000003908d00000,0x0000003908e00000)]
  0x0000019aa5a8b660 JavaThread "HikariPool-1 connection adder" daemon [_thread_blocked, id=36836, stack(0x0000003908e00000,0x0000003908f00000)]

Other Threads:
  0x0000019a5e53cf70 VMThread "VM Thread" [stack: 0x0000003906a00000,0x0000003906b00000] [id=30572]
  0x0000019a3d3fd3c0 WatcherThread [stack: 0x0000003907700000,0x0000003907800000] [id=18216]
  0x0000019a3d45ae50 GCTaskThread "GC Thread#0" [stack: 0x0000003906500000,0x0000003906600000] [id=6240]
  0x0000019aa4b498d0 GCTaskThread "GC Thread#1" [stack: 0x0000003907900000,0x0000003907a00000] [id=32760]
  0x0000019aa4b49b90 GCTaskThread "GC Thread#2" [stack: 0x0000003907a00000,0x0000003907b00000] [id=6464]
  0x0000019aa4d7bef0 GCTaskThread "GC Thread#3" [stack: 0x0000003907b00000,0x0000003907c00000] [id=26292]
  0x0000019aa4d7c1b0 GCTaskThread "GC Thread#4" [stack: 0x0000003907c00000,0x0000003907d00000] [id=25788]
  0x0000019aa4d7c470 GCTaskThread "GC Thread#5" [stack: 0x0000003907d00000,0x0000003907e00000] [id=29520]
  0x0000019aa4d7c730 GCTaskThread "GC Thread#6" [stack: 0x0000003907e00000,0x0000003907f00000] [id=33236]
  0x0000019aa4d7c9f0 GCTaskThread "GC Thread#7" [stack: 0x0000003907f00000,0x0000003908000000] [id=11224]
  0x0000019a3d46c440 ConcurrentGCThread "G1 Main Marker" [stack: 0x0000003906600000,0x0000003906700000] [id=7684]
  0x0000019a3d46d600 ConcurrentGCThread "G1 Conc#0" [stack: 0x0000003906700000,0x0000003906800000] [id=35448]
  0x0000019aa621ac80 ConcurrentGCThread "G1 Conc#1" [stack: 0x0000003908800000,0x0000003908900000] [id=26100]
  0x0000019a3d48ebe0 ConcurrentGCThread "G1 Refine#0" [stack: 0x0000003906800000,0x0000003906900000] [id=30476]
  0x0000019aa4b4fca0 ConcurrentGCThread "G1 Refine#1" [stack: 0x0000003908000000,0x0000003908100000] [id=31704]
  0x0000019a5e3ee780 ConcurrentGCThread "G1 Service" [stack: 0x0000003906900000,0x0000003906a00000] [id=27640]

Threads with active compile tasks:
C2 CompilerThread0    53847 5761       4       jdk.internal.org.objectweb.asm.MethodWriter::computeAllFrames (510 bytes)

VM state: not at safepoint (normal execution)

VM Mutex/Monitor currently owned by a thread: None

Heap address: 0x0000000083800000, size: 1992 MB, Compressed Oops mode: 32-bit

CDS archive(s) mapped at: [0x0000019a5f000000-0x0000019a5fbc0000-0x0000019a5fbc0000), size 12320768, SharedBaseAddress: 0x0000019a5f000000, ArchiveRelocationMode: 1.
Compressed class space mapped at: 0x0000019a60000000-0x0000019aa0000000, reserved size: 1073741824
Narrow klass base: 0x0000019a5f000000, Narrow klass shift: 0, Narrow klass range: 0x100000000

GC Precious Log:
 CPUs: 8 total, 8 available
 Memory: 7967M
 Large Page Support: Disabled
 NUMA Support: Disabled
 Compressed Oops: Enabled (32-bit)
 Heap Region Size: 1M
 Heap Min Capacity: 8M
 Heap Initial Capacity: 126M
 Heap Max Capacity: 1992M
 Pre-touch: Disabled
 Parallel Workers: 8
 Concurrent Workers: 2
 Concurrent Refinement Workers: 8
 Periodic GC: Disabled

Heap:
 garbage-first heap   total 61440K, used 32357K [0x0000000083800000, 0x0000000100000000)
  region size 1024K, 6 young (6144K), 3 survivors (3072K)
 Metaspace       used 52645K, committed 53184K, reserved 1114112K
  class space    used 6930K, committed 7168K, reserved 1048576K

Heap Regions: E=young(eden), S=young(survivor), O=old, HS=humongous(starts), HC=humongous(continues), CS=collection set, F=free, OA=open archive, CA=closed archive, TAMS=top-at-mark-start (previous, next)
|   0|0x0000000083800000, 0x0000000083900000, 0x0000000083900000|100%|HS|  |TAMS 0x0000000083900000, 0x0000000083800000| Complete 
|   1|0x0000000083900000, 0x0000000083a00000, 0x0000000083a00000|100%| O|  |TAMS 0x0000000083a00000, 0x0000000083900000| Untracked 
|   2|0x0000000083a00000, 0x0000000083b00000, 0x0000000083b00000|100%| O|  |TAMS 0x0000000083b00000, 0x0000000083a00000| Untracked 
|   3|0x0000000083b00000, 0x0000000083c00000, 0x0000000083c00000|100%| O|  |TAMS 0x0000000083c00000, 0x0000000083b00000| Untracked 
|   4|0x0000000083c00000, 0x0000000083d00000, 0x0000000083d00000|100%| O|  |TAMS 0x0000000083d00000, 0x0000000083c00000| Untracked 
|   5|0x0000000083d00000, 0x0000000083e00000, 0x0000000083e00000|100%| O|  |TAMS 0x0000000083e00000, 0x0000000083d00000| Untracked 
|   6|0x0000000083e00000, 0x0000000083f00000, 0x0000000083f00000|100%| O|  |TAMS 0x0000000083f00000, 0x0000000083e00000| Untracked 
|   7|0x0000000083f00000, 0x0000000084000000, 0x0000000084000000|100%| O|  |TAMS 0x0000000084000000, 0x0000000083f00000| Untracked 
|   8|0x0000000084000000, 0x0000000084100000, 0x0000000084100000|100%| O|  |TAMS 0x0000000084100000, 0x0000000084000000| Untracked 
|   9|0x0000000084100000, 0x0000000084200000, 0x0000000084200000|100%| O|  |TAMS 0x0000000084200000, 0x0000000084100000| Untracked 
|  10|0x0000000084200000, 0x0000000084300000, 0x0000000084300000|100%| O|  |TAMS 0x0000000084300000, 0x0000000084200000| Untracked 
|  11|0x0000000084300000, 0x0000000084400000, 0x0000000084400000|100%| O|  |TAMS 0x0000000084400000, 0x0000000084300000| Untracked 
|  12|0x0000000084400000, 0x0000000084500000, 0x0000000084500000|100%| O|  |TAMS 0x0000000084500000, 0x0000000084400000| Untracked 
|  13|0x0000000084500000, 0x0000000084600000, 0x0000000084600000|100%| O|  |TAMS 0x0000000084600000, 0x0000000084500000| Untracked 
|  14|0x0000000084600000, 0x0000000084700000, 0x0000000084700000|100%| O|  |TAMS 0x0000000084700000, 0x0000000084600000| Untracked 
|  15|0x0000000084700000, 0x0000000084800000, 0x0000000084800000|100%| O|  |TAMS 0x0000000084800000, 0x0000000084700000| Untracked 
|  16|0x0000000084800000, 0x0000000084900000, 0x0000000084900000|100%| O|  |TAMS 0x0000000084900000, 0x0000000084800000| Untracked 
|  17|0x0000000084900000, 0x0000000084a00000, 0x0000000084a00000|100%| O|  |TAMS 0x0000000084a00000, 0x0000000084900000| Untracked 
|  18|0x0000000084a00000, 0x0000000084b00000, 0x0000000084b00000|100%| O|  |TAMS 0x0000000084b00000, 0x0000000084a00000| Untracked 
|  19|0x0000000084b00000, 0x0000000084c00000, 0x0000000084c00000|100%| O|  |TAMS 0x0000000084c00000, 0x0000000084b00000| Untracked 
|  20|0x0000000084c00000, 0x0000000084d00000, 0x0000000084d00000|100%| O|  |TAMS 0x0000000084d00000, 0x0000000084c00000| Untracked 
|  21|0x0000000084d00000, 0x0000000084e00000, 0x0000000084e00000|100%| O|  |TAMS 0x0000000084e00000, 0x0000000084d00000| Untracked 
|  22|0x0000000084e00000, 0x0000000084f00000, 0x0000000084f00000|100%| O|  |TAMS 0x0000000084ee2200, 0x0000000084e00000| Untracked 
|  23|0x0000000084f00000, 0x0000000085000000, 0x0000000085000000|100%| O|  |TAMS 0x0000000084f00000, 0x0000000084f00000| Untracked 
|  24|0x0000000085000000, 0x0000000085100000, 0x0000000085100000|100%| O|  |TAMS 0x0000000085100000, 0x0000000085000000| Untracked 
|  25|0x0000000085100000, 0x0000000085200000, 0x0000000085200000|100%| O|  |TAMS 0x0000000085100000, 0x0000000085100000| Untracked 
|  26|0x0000000085200000, 0x00000000852e9600, 0x0000000085300000| 91%| O|  |TAMS 0x0000000085200000, 0x0000000085200000| Untracked 
|  27|0x0000000085300000, 0x0000000085300000, 0x0000000085400000|  0%| F|  |TAMS 0x0000000085300000, 0x0000000085300000| Untracked 
|  28|0x0000000085400000, 0x0000000085400000, 0x0000000085500000|  0%| F|  |TAMS 0x0000000085400000, 0x0000000085400000| Untracked 
|  29|0x0000000085500000, 0x0000000085500000, 0x0000000085600000|  0%| F|  |TAMS 0x0000000085500000, 0x0000000085500000| Untracked 
|  30|0x0000000085600000, 0x0000000085600000, 0x0000000085700000|  0%| F|  |TAMS 0x0000000085600000, 0x0000000085600000| Untracked 
|  31|0x0000000085700000, 0x0000000085700000, 0x0000000085800000|  0%| F|  |TAMS 0x0000000085700000, 0x0000000085700000| Untracked 
|  32|0x0000000085800000, 0x0000000085800000, 0x0000000085900000|  0%| F|  |TAMS 0x0000000085800000, 0x0000000085800000| Untracked 
|  33|0x0000000085900000, 0x0000000085900000, 0x0000000085a00000|  0%| F|  |TAMS 0x0000000085900000, 0x0000000085900000| Untracked 
|  34|0x0000000085a00000, 0x0000000085aaff90, 0x0000000085b00000| 68%| S|CS|TAMS 0x0000000085a00000, 0x0000000085a00000| Complete 
|  35|0x0000000085b00000, 0x0000000085b00000, 0x0000000085c00000|  0%| F|  |TAMS 0x0000000085b00000, 0x0000000085b00000| Untracked 
|  36|0x0000000085c00000, 0x0000000085c00000, 0x0000000085d00000|  0%| F|  |TAMS 0x0000000085c00000, 0x0000000085c00000| Untracked 
|  37|0x0000000085d00000, 0x0000000085e00000, 0x0000000085e00000|100%| S|CS|TAMS 0x0000000085d00000, 0x0000000085d00000| Complete 
|  38|0x0000000085e00000, 0x0000000085f00000, 0x0000000085f00000|100%| S|CS|TAMS 0x0000000085e00000, 0x0000000085e00000| Complete 
|  39|0x0000000085f00000, 0x0000000085f00000, 0x0000000086000000|  0%| F|  |TAMS 0x0000000085f00000, 0x0000000085f00000| Untracked 
|  40|0x0000000086000000, 0x0000000086000000, 0x0000000086100000|  0%| F|  |TAMS 0x0000000086000000, 0x0000000086000000| Untracked 
|  41|0x0000000086100000, 0x0000000086100000, 0x0000000086200000|  0%| F|  |TAMS 0x0000000086100000, 0x0000000086100000| Untracked 
|  42|0x0000000086200000, 0x0000000086200000, 0x0000000086300000|  0%| F|  |TAMS 0x0000000086200000, 0x0000000086200000| Untracked 
|  43|0x0000000086300000, 0x0000000086300000, 0x0000000086400000|  0%| F|  |TAMS 0x0000000086300000, 0x0000000086300000| Untracked 
|  44|0x0000000086400000, 0x0000000086400000, 0x0000000086500000|  0%| F|  |TAMS 0x0000000086400000, 0x0000000086400000| Untracked 
|  45|0x0000000086500000, 0x0000000086500000, 0x0000000086600000|  0%| F|  |TAMS 0x0000000086500000, 0x0000000086500000| Untracked 
|  46|0x0000000086600000, 0x0000000086600000, 0x0000000086700000|  0%| F|  |TAMS 0x0000000086600000, 0x0000000086600000| Untracked 
|  47|0x0000000086700000, 0x0000000086700000, 0x0000000086800000|  0%| F|  |TAMS 0x0000000086700000, 0x0000000086700000| Untracked 
|  48|0x0000000086800000, 0x0000000086800000, 0x0000000086900000|  0%| F|  |TAMS 0x0000000086800000, 0x0000000086800000| Untracked 
|  49|0x0000000086900000, 0x0000000086900000, 0x0000000086a00000|  0%| F|  |TAMS 0x0000000086900000, 0x0000000086900000| Untracked 
|  50|0x0000000086a00000, 0x0000000086a00000, 0x0000000086b00000|  0%| F|  |TAMS 0x0000000086a00000, 0x0000000086a00000| Untracked 
|  51|0x0000000086b00000, 0x0000000086b00000, 0x0000000086c00000|  0%| F|  |TAMS 0x0000000086b00000, 0x0000000086b00000| Untracked 
|  52|0x0000000086c00000, 0x0000000086c00000, 0x0000000086d00000|  0%| F|  |TAMS 0x0000000086c00000, 0x0000000086c00000| Untracked 
|  53|0x0000000086d00000, 0x0000000086d00000, 0x0000000086e00000|  0%| F|  |TAMS 0x0000000086d00000, 0x0000000086d00000| Untracked 
|  87|0x0000000088f00000, 0x0000000088f00000, 0x0000000089000000|  0%| F|  |TAMS 0x0000000088f00000, 0x0000000088f00000| Untracked 
|  88|0x0000000089000000, 0x0000000089000000, 0x0000000089100000|  0%| F|  |TAMS 0x0000000089000000, 0x0000000089000000| Untracked 
|  89|0x0000000089100000, 0x0000000089100000, 0x0000000089200000|  0%| F|  |TAMS 0x0000000089100000, 0x0000000089100000| Untracked 
|  90|0x0000000089200000, 0x00000000892b58d0, 0x0000000089300000| 70%| E|  |TAMS 0x0000000089200000, 0x0000000089200000| Complete 
|  91|0x0000000089300000, 0x0000000089400000, 0x0000000089400000|100%| E|CS|TAMS 0x0000000089300000, 0x0000000089300000| Complete 
| 125|0x000000008b500000, 0x000000008b600000, 0x000000008b600000|100%| E|CS|TAMS 0x000000008b500000, 0x000000008b500000| Complete 

Card table byte_map: [0x0000019a57700000,0x0000019a57af0000] _byte_map_base: 0x0000019a572e4000

Marking Bits (Prev, Next): (CMBitMap*) 0x0000019a3d45b4b0, (CMBitMap*) 0x0000019a3d45b470
 Prev Bits: [0x0000019a59e00000, 0x0000019a5bd20000)
 Next Bits: [0x0000019a57ee0000, 0x0000019a59e00000)

Polling page: 0x0000019a3d0a0000

Metaspace:

Usage:
  Non-class:     44.64 MB used.
      Class:      6.77 MB used.
       Both:     51.41 MB used.

Virtual space:
  Non-class space:       64.00 MB reserved,      44.94 MB ( 70%) committed,  1 nodes.
      Class space:        1.00 GB reserved,       7.00 MB ( <1%) committed,  1 nodes.
             Both:        1.06 GB reserved,      51.94 MB (  5%) committed. 

Chunk freelists:
   Non-Class:  2.67 MB
       Class:  8.98 MB
        Both:  11.66 MB

MaxMetaspaceSize: unlimited
CompressedClassSpaceSize: 1.00 GB
Initial GC threshold: 21.00 MB
Current GC threshold: 67.00 MB
CDS: on
MetaspaceReclaimPolicy: balanced
 - commit_granule_bytes: 65536.
 - commit_granule_words: 8192.
 - virtual_space_node_default_size: 8388608.
 - enlarge_chunks_in_place: 1.
 - new_chunks_are_fully_committed: 0.
 - uncommit_free_chunks: 1.
 - use_allocation_guard: 0.
 - handle_deallocations: 1.


Internal statistics:

num_allocs_failed_limit: 8.
num_arena_births: 680.
num_arena_deaths: 0.
num_vsnodes_births: 2.
num_vsnodes_deaths: 0.
num_space_committed: 831.
num_space_uncommitted: 0.
num_chunks_returned_to_freelist: 8.
num_chunks_taken_from_freelist: 2623.
num_chunk_merges: 8.
num_chunk_splits: 1754.
num_chunks_enlarged: 1269.
num_inconsistent_stats: 0.

CodeHeap 'non-profiled nmethods': size=120000Kb used=4391Kb max_used=4391Kb free=115608Kb
 bounds [0x0000019a4f380000, 0x0000019a4f7d0000, 0x0000019a568b0000]
CodeHeap 'profiled nmethods': size=120000Kb used=10005Kb max_used=10648Kb free=109994Kb
 bounds [0x0000019a478b0000, 0x0000019a48320000, 0x0000019a4ede0000]
CodeHeap 'non-nmethods': size=5760Kb used=1304Kb max_used=1351Kb free=4455Kb
 bounds [0x0000019a4ede0000, 0x0000019a4f050000, 0x0000019a4f380000]
 total_blobs=5577 nmethods=4957 adapters=530
 compilation: enabled
              stopped_count=0, restarted_count=0
 full_count=0

Compilation events (20 events):
Event: 53.343 Thread 0x0000019a5e557390 5767       3       org.hibernate.annotations.common.reflection.java.JavaReflectionManager::getMetadataProvider (23 bytes)
Event: 53.344 Thread 0x0000019a5e557390 nmethod 5767 0x0000019a47fd7590 code [0x0000019a47fd7740, 0x0000019a47fd7a38]
Event: 53.400 Thread 0x0000019a5e556990 nmethod 5751 0x0000019a4f7bd390 code [0x0000019a4f7bd880, 0x0000019a4f7c5e00]
Event: 53.401 Thread 0x0000019a5e556990 5763       4       java.util.ArrayList::toArray (57 bytes)
Event: 53.405 Thread 0x0000019a5e557390 5768       3       org.hibernate.annotations.common.reflection.java.JavaXAnnotatedElement::getAnnotationReader (12 bytes)
Event: 53.407 Thread 0x0000019a5e557390 nmethod 5768 0x0000019a4814ef10 code [0x0000019a4814f0e0, 0x0000019a4814f568]
Event: 53.407 Thread 0x0000019a5e557390 5769       3       org.hibernate.annotations.common.reflection.java.JavaReflectionManager::buildAnnotationReader (11 bytes)
Event: 53.408 Thread 0x0000019a5e557390 nmethod 5769 0x0000019a4814e790 code [0x0000019a4814e960, 0x0000019a4814ed68]
Event: 53.409 Thread 0x0000019a5e556990 nmethod 5763 0x0000019a4f7c9290 code [0x0000019a4f7c9420, 0x0000019a4f7c9a98]
Event: 53.410 Thread 0x0000019a5e556990 5761       4       jdk.internal.org.objectweb.asm.MethodWriter::computeAllFrames (510 bytes)
Event: 53.434 Thread 0x0000019a5e557390 5770       3       org.jboss.logging.Logger::join (112 bytes)
Event: 53.436 Thread 0x0000019a5e557390 nmethod 5770 0x0000019a4814d010 code [0x0000019a4814d320, 0x0000019a4814e138]
Event: 53.438 Thread 0x0000019a5e557390 5771       3       org.jboss.logging.Log4j2Logger::translate (27 bytes)
Event: 53.440 Thread 0x0000019a5e557390 nmethod 5771 0x0000019a47975f10 code [0x0000019a479760c0, 0x0000019a479762c8]
Event: 53.591 Thread 0x0000019a5e557390 5773       3       java.lang.Class$AnnotationData::<init> (20 bytes)
Event: 53.591 Thread 0x0000019a5e557390 nmethod 5773 0x0000019a47975a90 code [0x0000019a47975c40, 0x0000019a47975e58]
Event: 53.592 Thread 0x0000019a5e557390 5774       3       org.jboss.logging.Log4j2Logger::isEnabled (12 bytes)
Event: 53.593 Thread 0x0000019a5e557390 nmethod 5774 0x0000019a47975490 code [0x0000019a47975660, 0x0000019a47975978]
Event: 53.635 Thread 0x0000019a5e557390 5775       3       org.hibernate.cfg.annotations.reflection.internal.JPAXMLOverriddenMetadataProvider::getAnnotationReader (92 bytes)
Event: 53.636 Thread 0x0000019a5e557390 nmethod 5775 0x0000019a47974690 code [0x0000019a479748e0, 0x0000019a479751d8]

GC Heap History (20 events):
Event: 15.703 GC heap before
{Heap before GC invocations=8 (full 0):
 garbage-first heap   total 51200K, used 36391K [0x0000000083800000, 0x0000000100000000)
  region size 1024K, 20 young (20480K), 3 survivors (3072K)
 Metaspace       used 30946K, committed 31296K, reserved 1114112K
  class space    used 3892K, committed 4096K, reserved 1048576K
}
Event: 15.711 GC heap after
{Heap after GC invocations=9 (full 0):
 garbage-first heap   total 51200K, used 20405K [0x0000000083800000, 0x0000000100000000)
  region size 1024K, 2 young (2048K), 2 survivors (2048K)
 Metaspace       used 30946K, committed 31296K, reserved 1114112K
  class space    used 3892K, committed 4096K, reserved 1048576K
}
Event: 16.801 GC heap before
{Heap before GC invocations=9 (full 0):
 garbage-first heap   total 51200K, used 37813K [0x0000000083800000, 0x0000000100000000)
  region size 1024K, 19 young (19456K), 2 survivors (2048K)
 Metaspace       used 32510K, committed 32896K, reserved 1114112K
  class space    used 4120K, committed 4352K, reserved 1048576K
}
Event: 16.806 GC heap after
{Heap after GC invocations=10 (full 0):
 garbage-first heap   total 51200K, used 21802K [0x0000000083800000, 0x0000000100000000)
  region size 1024K, 3 young (3072K), 3 survivors (3072K)
 Metaspace       used 32510K, committed 32896K, reserved 1114112K
  class space    used 4120K, committed 4352K, reserved 1048576K
}
Event: 17.948 GC heap before
{Heap before GC invocations=10 (full 0):
 garbage-first heap   total 51200K, used 38186K [0x0000000083800000, 0x0000000100000000)
  region size 1024K, 20 young (20480K), 3 survivors (3072K)
 Metaspace       used 34196K, committed 34624K, reserved 1114112K
  class space    used 4334K, committed 4544K, reserved 1048576K
}
Event: 17.954 GC heap after
{Heap after GC invocations=11 (full 0):
 garbage-first heap   total 51200K, used 22839K [0x0000000083800000, 0x0000000100000000)
  region size 1024K, 3 young (3072K), 3 survivors (3072K)
 Metaspace       used 34196K, committed 34624K, reserved 1114112K
  class space    used 4334K, committed 4544K, reserved 1048576K
}
Event: 19.132 GC heap before
{Heap before GC invocations=11 (full 0):
 garbage-first heap   total 51200K, used 36151K [0x0000000083800000, 0x0000000100000000)
  region size 1024K, 17 young (17408K), 3 survivors (3072K)
 Metaspace       used 35614K, committed 35968K, reserved 1114112K
  class space    used 4550K, committed 4736K, reserved 1048576K
}
Event: 19.141 GC heap after
{Heap after GC invocations=12 (full 0):
 garbage-first heap   total 51200K, used 23735K [0x0000000083800000, 0x0000000100000000)
  region size 1024K, 2 young (2048K), 2 survivors (2048K)
 Metaspace       used 35614K, committed 35968K, reserved 1114112K
  class space    used 4550K, committed 4736K, reserved 1048576K
}
Event: 20.926 GC heap before
{Heap before GC invocations=13 (full 0):
 garbage-first heap   total 51200K, used 40119K [0x0000000083800000, 0x0000000100000000)
  region size 1024K, 18 young (18432K), 2 survivors (2048K)
 Metaspace       used 37925K, committed 38336K, reserved 1114112K
  class space    used 4904K, committed 5120K, reserved 1048576K
}
Event: 20.936 GC heap after
{Heap after GC invocations=14 (full 0):
 garbage-first heap   total 51200K, used 25339K [0x0000000083800000, 0x0000000100000000)
  region size 1024K, 3 young (3072K), 3 survivors (3072K)
 Metaspace       used 37925K, committed 38336K, reserved 1114112K
  class space    used 4904K, committed 5120K, reserved 1048576K
}
Event: 21.035 GC heap before
{Heap before GC invocations=14 (full 0):
 garbage-first heap   total 51200K, used 25339K [0x0000000083800000, 0x0000000100000000)
  region size 1024K, 4 young (4096K), 3 survivors (3072K)
 Metaspace       used 38043K, committed 38528K, reserved 1114112K
  class space    used 4926K, committed 5120K, reserved 1048576K
}
Event: 21.041 GC heap after
{Heap after GC invocations=15 (full 0):
 garbage-first heap   total 51200K, used 24941K [0x0000000083800000, 0x0000000100000000)
  region size 1024K, 1 young (1024K), 1 survivors (1024K)
 Metaspace       used 38043K, committed 38528K, reserved 1114112K
  class space    used 4926K, committed 5120K, reserved 1048576K
}
Event: 26.925 GC heap before
{Heap before GC invocations=15 (full 0):
 garbage-first heap   total 51200K, used 39277K [0x0000000083800000, 0x0000000100000000)
  region size 1024K, 16 young (16384K), 1 survivors (1024K)
 Metaspace       used 40653K, committed 41152K, reserved 1114112K
  class space    used 5259K, committed 5504K, reserved 1048576K
}
Event: 26.930 GC heap after
{Heap after GC invocations=16 (full 0):
 garbage-first heap   total 61440K, used 26181K [0x0000000083800000, 0x0000000100000000)
  region size 1024K, 2 young (2048K), 2 survivors (2048K)
 Metaspace       used 40653K, committed 41152K, reserved 1114112K
  class space    used 5259K, committed 5504K, reserved 1048576K
}
Event: 30.683 GC heap before
{Heap before GC invocations=17 (full 0):
 garbage-first heap   total 61440K, used 47685K [0x0000000083800000, 0x0000000100000000)
  region size 1024K, 23 young (23552K), 2 survivors (2048K)
 Metaspace       used 42423K, committed 42944K, reserved 1114112K
  class space    used 5497K, committed 5760K, reserved 1048576K
}
Event: 30.694 GC heap after
{Heap after GC invocations=18 (full 0):
 garbage-first heap   total 61440K, used 27709K [0x0000000083800000, 0x0000000100000000)
  region size 1024K, 2 young (2048K), 2 survivors (2048K)
 Metaspace       used 42423K, committed 42944K, reserved 1114112K
  class space    used 5497K, committed 5760K, reserved 1048576K
}
Event: 39.189 GC heap before
{Heap before GC invocations=18 (full 0):
 garbage-first heap   total 61440K, used 47165K [0x0000000083800000, 0x0000000100000000)
  region size 1024K, 22 young (22528K), 2 survivors (2048K)
 Metaspace       used 46604K, committed 47168K, reserved 1114112K
  class space    used 6133K, committed 6400K, reserved 1048576K
}
Event: 39.198 GC heap after
{Heap after GC invocations=19 (full 0):
 garbage-first heap   total 61440K, used 28709K [0x0000000083800000, 0x0000000100000000)
  region size 1024K, 3 young (3072K), 3 survivors (3072K)
 Metaspace       used 46604K, committed 47168K, reserved 1114112K
  class space    used 6133K, committed 6400K, reserved 1048576K
}
Event: 52.451 GC heap before
{Heap before GC invocations=19 (full 0):
 garbage-first heap   total 61440K, used 48165K [0x0000000083800000, 0x0000000100000000)
  region size 1024K, 23 young (23552K), 3 survivors (3072K)
 Metaspace       used 52103K, committed 52608K, reserved 1114112K
  class space    used 6838K, committed 7040K, reserved 1048576K
}
Event: 52.475 GC heap after
{Heap after GC invocations=20 (full 0):
 garbage-first heap   total 61440K, used 30309K [0x0000000083800000, 0x0000000100000000)
  region size 1024K, 3 young (3072K), 3 survivors (3072K)
 Metaspace       used 52103K, committed 52608K, reserved 1114112K
  class space    used 6838K, committed 7040K, reserved 1048576K
}

Dll operation events (13 events):
Event: 0.122 Loaded shared library C:\Program Files\Java\openlogic-openjdk-17.0.11+9-windows-x64\bin\java.dll
Event: 0.165 Loaded shared library C:\Program Files\Java\openlogic-openjdk-17.0.11+9-windows-x64\bin\jsvml.dll
Event: 0.741 Loaded shared library C:\Program Files\Java\openlogic-openjdk-17.0.11+9-windows-x64\bin\zip.dll
Event: 0.753 Loaded shared library C:\Program Files\Java\openlogic-openjdk-17.0.11+9-windows-x64\bin\instrument.dll
Event: 0.773 Loaded shared library C:\Program Files\Java\openlogic-openjdk-17.0.11+9-windows-x64\bin\net.dll
Event: 0.779 Loaded shared library C:\Program Files\Java\openlogic-openjdk-17.0.11+9-windows-x64\bin\nio.dll
Event: 0.790 Loaded shared library C:\Program Files\Java\openlogic-openjdk-17.0.11+9-windows-x64\bin\zip.dll
Event: 3.634 Loaded shared library C:\Program Files\Java\openlogic-openjdk-17.0.11+9-windows-x64\bin\jimage.dll
Event: 6.578 Loaded shared library C:\Program Files\Java\openlogic-openjdk-17.0.11+9-windows-x64\bin\extnet.dll
Event: 6.594 Loaded shared library C:\Program Files\Java\openlogic-openjdk-17.0.11+9-windows-x64\bin\management.dll
Event: 6.632 Loaded shared library C:\Program Files\Java\openlogic-openjdk-17.0.11+9-windows-x64\bin\management_ext.dll
Event: 10.514 Loaded shared library C:\Program Files\Java\openlogic-openjdk-17.0.11+9-windows-x64\bin\verify.dll
Event: 27.008 Loaded shared library C:\Program Files\Java\openlogic-openjdk-17.0.11+9-windows-x64\bin\sunmscapi.dll

Deoptimization events (20 events):
Event: 51.722 Thread 0x0000019aa51f8ad0 Uncommon trap: trap_request=0xffffffc6 fr.pc=0x0000019a4f7a4dd0 relative=0x0000000000005d30
Event: 51.722 Thread 0x0000019aa51f8ad0 Uncommon trap: reason=bimorphic_or_optimized_type_check action=maybe_recompile pc=0x0000019a4f7a4dd0 method=java.util.HashMap.computeIfAbsent(Ljava/lang/Object;Ljava/util/function/Function;)Ljava/lang/Object; @ 286 c2
Event: 51.722 Thread 0x0000019aa51f8ad0 DEOPT PACKING pc=0x0000019a4f7a4dd0 sp=0x00000039085f8c10
Event: 51.722 Thread 0x0000019aa51f8ad0 DEOPT UNPACKING pc=0x0000019a4ee3a1a3 sp=0x00000039085f8c20 mode 2
Event: 51.811 Thread 0x0000019aa51f8ad0 Uncommon trap: trap_request=0xffffffde fr.pc=0x0000019a4f7a4358 relative=0x00000000000052b8
Event: 51.811 Thread 0x0000019aa51f8ad0 Uncommon trap: reason=class_check action=maybe_recompile pc=0x0000019a4f7a4358 method=java.util.HashMap.computeIfAbsent(Ljava/lang/Object;Ljava/util/function/Function;)Ljava/lang/Object; @ 188 c2
Event: 51.811 Thread 0x0000019aa51f8ad0 DEOPT PACKING pc=0x0000019a4f7a4358 sp=0x00000039085f8c80
Event: 51.811 Thread 0x0000019aa51f8ad0 DEOPT UNPACKING pc=0x0000019a4ee3a1a3 sp=0x00000039085f8cb8 mode 2
Event: 51.811 Thread 0x0000019aa51f8ad0 Uncommon trap: trap_request=0xffffffc6 fr.pc=0x0000019a4f7a4dd0 relative=0x0000000000005d30
Event: 51.811 Thread 0x0000019aa51f8ad0 Uncommon trap: reason=bimorphic_or_optimized_type_check action=maybe_recompile pc=0x0000019a4f7a4dd0 method=java.util.HashMap.computeIfAbsent(Ljava/lang/Object;Ljava/util/function/Function;)Ljava/lang/Object; @ 286 c2
Event: 51.811 Thread 0x0000019aa51f8ad0 DEOPT PACKING pc=0x0000019a4f7a4dd0 sp=0x00000039085f8c10
Event: 51.811 Thread 0x0000019aa51f8ad0 DEOPT UNPACKING pc=0x0000019a4ee3a1a3 sp=0x00000039085f8c20 mode 2
Event: 51.812 Thread 0x0000019aa51f8ad0 Uncommon trap: trap_request=0xffffffde fr.pc=0x0000019a4f7a4358 relative=0x00000000000052b8
Event: 51.812 Thread 0x0000019aa51f8ad0 Uncommon trap: reason=class_check action=maybe_recompile pc=0x0000019a4f7a4358 method=java.util.HashMap.computeIfAbsent(Ljava/lang/Object;Ljava/util/function/Function;)Ljava/lang/Object; @ 188 c2
Event: 51.812 Thread 0x0000019aa51f8ad0 DEOPT PACKING pc=0x0000019a4f7a4358 sp=0x00000039085f8c80
Event: 51.813 Thread 0x0000019aa51f8ad0 DEOPT UNPACKING pc=0x0000019a4ee3a1a3 sp=0x00000039085f8cb8 mode 2
Event: 51.813 Thread 0x0000019aa51f8ad0 Uncommon trap: trap_request=0xffffffc6 fr.pc=0x0000019a4f7a4dd0 relative=0x0000000000005d30
Event: 51.813 Thread 0x0000019aa51f8ad0 Uncommon trap: reason=bimorphic_or_optimized_type_check action=maybe_recompile pc=0x0000019a4f7a4dd0 method=java.util.HashMap.computeIfAbsent(Ljava/lang/Object;Ljava/util/function/Function;)Ljava/lang/Object; @ 286 c2
Event: 51.813 Thread 0x0000019aa51f8ad0 DEOPT PACKING pc=0x0000019a4f7a4dd0 sp=0x00000039085f8c10
Event: 51.813 Thread 0x0000019aa51f8ad0 DEOPT UNPACKING pc=0x0000019a4ee3a1a3 sp=0x00000039085f8c20 mode 2

Classes unloaded (0 events):
No events

Classes redefined (0 events):
No events

Internal exceptions (20 events):
Event: 27.233 Thread 0x0000019aa51f8ad0 Exception <a 'sun/nio/fs/WindowsException'{0x0000000089061e20}> (0x0000000089061e20) 
thrown [s\src\hotspot\share\prims\jni.cpp, line 516]
Event: 27.234 Thread 0x0000019aa51f8ad0 Exception <a 'sun/nio/fs/WindowsException'{0x0000000089062180}> (0x0000000089062180) 
thrown [s\src\hotspot\share\prims\jni.cpp, line 516]
Event: 27.334 Thread 0x0000019aa51f8ad0 Exception <a 'java/lang/NoSuchMethodError'{0x0000000088f5eaa0}: 'java.lang.Object java.lang.invoke.DirectMethodHandle$Holder.invokeSpecial(java.lang.Object, java.lang.Object, long, java.lang.Object, java.lang.Object, java.lang.Object, java.lang.Object, java.lang.Object, java.lang.Object)'> (0x0000000088f5eaa0) 
thrown [s\src\hotspot\share\interpreter\linkResolver.cpp, line 759]
Event: 27.338 Thread 0x0000019aa51f8ad0 Exception <a 'java/lang/NoSuchMethodError'{0x0000000088f635c8}: 'java.lang.Object java.lang.invoke.DelegatingMethodHandle$Holder.reinvoke_L(java.lang.Object, long, java.lang.Object, java.lang.Object, java.lang.Object, java.lang.Object, java.lang.Object, java.lang.Object)'> (0x0000000088f635c8) 
thrown [s\src\hotspot\share\interpreter\linkResolver.cpp, line 759]
Event: 27.341 Thread 0x0000019aa51f8ad0 Exception <a 'java/lang/NoSuchMethodError'{0x0000000088f758d0}: 'java.lang.Object java.lang.invoke.Invokers$Holder.linkToTargetMethod(java.lang.Object, java.lang.Object, java.lang.Object, java.lang.Object, java.lang.Object, java.lang.Object, java.lang.Object)'> (0x0000000088f758d0) 
thrown [s\src\hotspot\share\interpreter\linkResolver.cpp, line 759]
Event: 27.450 Thread 0x0000019aa51f8ad0 Implicit null exception at 0x0000019a4f51d01f to 0x0000019a4f520450
Event: 27.707 Thread 0x0000019aa51f8ad0 Exception <a 'java/io/FileNotFoundException'{0x0000000086c44188}> (0x0000000086c44188) 
thrown [s\src\hotspot\share\prims\jni.cpp, line 516]
Event: 28.082 Thread 0x0000019aa51f8ad0 Exception <a 'java/lang/NoSuchMethodError'{0x0000000086a05080}: 'int java.lang.invoke.DirectMethodHandle$Holder.invokeInterface(java.lang.Object, java.lang.Object, java.lang.Object, java.lang.Object)'> (0x0000000086a05080) 
thrown [s\src\hotspot\share\interpreter\linkResolver.cpp, line 759]
Event: 28.566 Thread 0x0000019aa51f8ad0 Exception <a 'java/lang/NoSuchMethodError'{0x0000000086856120}: 'java.lang.Object java.lang.invoke.DirectMethodHandle$Holder.invokeStaticInit(java.lang.Object, java.lang.Object, java.lang.Object, java.lang.Object)'> (0x0000000086856120) 
thrown [s\src\hotspot\share\interpreter\linkResolver.cpp, line 759]
Event: 28.598 Thread 0x0000019aa51f8ad0 Exception <a 'java/lang/IncompatibleClassChangeError'{0x0000000086867fb8}: Found class java.lang.Object, but interface was expected> (0x0000000086867fb8) 
thrown [s\src\hotspot\share\interpreter\linkResolver.cpp, line 826]
Event: 28.624 Thread 0x0000019aa51f8ad0 Exception <a 'java/lang/IncompatibleClassChangeError'{0x0000000086875268}: Found class java.lang.Object, but interface was expected> (0x0000000086875268) 
thrown [s\src\hotspot\share\interpreter\linkResolver.cpp, line 826]
Event: 28.688 Thread 0x0000019aa51f8ad0 Exception <a 'java/lang/IncompatibleClassChangeError'{0x00000000868a93a8}: Found class java.lang.Object, but interface was expected> (0x00000000868a93a8) 
thrown [s\src\hotspot\share\interpreter\linkResolver.cpp, line 826]
Event: 30.683 Thread 0x0000019aa51f8ad0 Implicit null exception at 0x0000019a4f6a775d to 0x0000019a4f6af1cc
Event: 41.548 Thread 0x0000019aa51f8ad0 Exception <a 'java/lang/NoSuchMethodError'{0x0000000088f495d0}: 'int java.lang.invoke.DirectMethodHandle$Holder.invokeStaticInit(java.lang.Object, java.lang.Object, java.lang.Object, java.lang.Object)'> (0x0000000088f495d0) 
thrown [s\src\hotspot\share\interpreter\linkResolver.cpp, line 759]
Event: 44.126 Thread 0x0000019aa51f8ad0 Exception <a 'sun/nio/fs/WindowsException'{0x0000000086c60a50}> (0x0000000086c60a50) 
thrown [s\src\hotspot\share\prims\jni.cpp, line 516]
Event: 45.988 Thread 0x0000019aa51f8ad0 Implicit null exception at 0x0000019a4f5a6f6c to 0x0000019a4f5a7014
Event: 48.486 Thread 0x0000019aa5a8b660 Implicit null exception at 0x0000019a4f77dcb1 to 0x0000019a4f77e68c
Event: 52.624 Thread 0x0000019aa51f8ad0 Exception <a 'java/lang/NoSuchMethodError'{0x000000008b532898}: 'java.lang.Object java.lang.invoke.DirectMethodHandle$Holder.newInvokeSpecial(java.lang.Object, java.lang.Object, java.lang.Object, int)'> (0x000000008b532898) 
thrown [s\src\hotspot\share\interpreter\linkResolver.cpp, line 759]
Event: 52.634 Thread 0x0000019aa51f8ad0 Exception <a 'java/lang/NoSuchMethodError'{0x000000008b537378}: 'java.lang.Object java.lang.invoke.DirectMethodHandle$Holder.invokeSpecial(java.lang.Object, java.lang.Object, java.lang.Object, java.lang.Object, int)'> (0x000000008b537378) 
thrown [s\src\hotspot\share\interpreter\linkResolver.cpp, line 759]
Event: 52.649 Thread 0x0000019aa51f8ad0 Exception <a 'java/lang/NoSuchMethodError'{0x000000008b53b738}: 'java.lang.Object java.lang.invoke.Invokers$Holder.linkToTargetMethod(java.lang.Object, java.lang.Object, int, java.lang.Object)'> (0x000000008b53b738) 
thrown [s\src\hotspot\share\interpreter\linkResolver.cpp, line 759]

VM Operations (20 events):
Event: 46.480 Executing VM operation: Cleanup
Event: 46.481 Executing VM operation: Cleanup done
Event: 46.991 Executing VM operation: HandshakeAllThreads
Event: 46.991 Executing VM operation: HandshakeAllThreads done
Event: 47.683 Executing VM operation: HandshakeAllThreads
Event: 47.683 Executing VM operation: HandshakeAllThreads done
Event: 47.683 Executing VM operation: Cleanup
Event: 47.683 Executing VM operation: Cleanup done
Event: 48.695 Executing VM operation: Cleanup
Event: 48.865 Executing VM operation: Cleanup done
Event: 49.874 Executing VM operation: Cleanup
Event: 49.874 Executing VM operation: Cleanup done
Event: 50.885 Executing VM operation: Cleanup
Event: 50.885 Executing VM operation: Cleanup done
Event: 51.894 Executing VM operation: Cleanup
Event: 51.894 Executing VM operation: Cleanup done
Event: 52.450 Executing VM operation: G1CollectForAllocation
Event: 52.475 Executing VM operation: G1CollectForAllocation done
Event: 53.487 Executing VM operation: Cleanup
Event: 53.514 Executing VM operation: Cleanup done

Events (20 events):
Event: 45.184 loading class java/util/SimpleTimeZone
Event: 45.457 loading class java/util/SimpleTimeZone done
Event: 45.637 loading class java/time/LocalDateTime$1
Event: 45.639 loading class java/time/LocalDateTime$1 done
Event: 45.668 loading class java/time/chrono/IsoEra
Event: 45.684 loading class java/time/chrono/Era
Event: 45.685 loading class java/time/chrono/Era done
Event: 45.685 loading class java/time/chrono/IsoEra done
Event: 45.688 loading class java/time/Instant$1
Event: 45.688 loading class java/time/Instant$1 done
Event: 46.743 loading class java/util/TimerTask
Event: 46.774 loading class java/util/TimerTask done
Event: 47.575 Thread 0x0000019aa5a89800 Thread added: 0x0000019aa5a89800
Event: 47.623 loading class java/util/concurrent/ThreadPoolExecutor$CallerRunsPolicy
Event: 47.646 loading class java/util/concurrent/ThreadPoolExecutor$CallerRunsPolicy done
Event: 47.657 loading class java/util/concurrent/locks/AbstractQueuedSynchronizer$ExclusiveNode
Event: 47.673 loading class java/util/concurrent/locks/AbstractQueuedSynchronizer$ExclusiveNode done
Event: 47.776 Thread 0x0000019aa5a8b660 Thread added: 0x0000019aa5a8b660
Event: 49.407 loading class java/util/regex/Pattern$1MatcherIterator
Event: 49.408 loading class java/util/regex/Pattern$1MatcherIterator done


Dynamic libraries:
0x00007ff7ec4f0000 - 0x00007ff7ec4fe000 	C:\Program Files\Java\openlogic-openjdk-17.0.11+9-windows-x64\bin\java.exe
0x00007ffa09d00000 - 0x00007ffa09f69000 	C:\WINDOWS\SYSTEM32\ntdll.dll
0x00007ff9cff30000 - 0x00007ff9cff50000 	C:\Program Files\Avast Software\Avast\aswhook.dll
0x00007ffa09250000 - 0x00007ffa09319000 	C:\WINDOWS\System32\KERNEL32.DLL
0x00007ffa06fe0000 - 0x00007ffa073d3000 	C:\WINDOWS\System32\KERNELBASE.dll
0x00007ffa01c50000 - 0x00007ffa01c67000 	C:\Program Files\Java\openlogic-openjdk-17.0.11+9-windows-x64\bin\jli.dll
0x00007ffa06e90000 - 0x00007ffa06fdb000 	C:\WINDOWS\System32\ucrtbase.dll
0x00007ffa09590000 - 0x00007ffa09754000 	C:\WINDOWS\System32\USER32.dll
0x00007ffa01c70000 - 0x00007ffa01c8b000 	C:\Program Files\Java\openlogic-openjdk-17.0.11+9-windows-x64\bin\VCRUNTIME140.dll
0x00007ffa078c0000 - 0x00007ffa078e7000 	C:\WINDOWS\System32\win32u.dll
0x00007ff9e79e0000 - 0x00007ff9e7c73000 	C:\WINDOWS\WinSxS\amd64_microsoft.windows.common-controls_6595b64144ccf1df_6.0.26100.5074_none_3e0d6f78e32fd63f\COMCTL32.dll
0x00007ffa09a00000 - 0x00007ffa09aa9000 	C:\WINDOWS\System32\msvcrt.dll
0x00007ffa07b10000 - 0x00007ffa07b3b000 	C:\WINDOWS\System32\GDI32.dll
0x00007ffa078f0000 - 0x00007ffa07a1d000 	C:\WINDOWS\System32\gdi32full.dll
0x00007ffa07a20000 - 0x00007ffa07ac3000 	C:\WINDOWS\System32\msvcp_win.dll
0x00007ffa07ad0000 - 0x00007ffa07aff000 	C:\WINDOWS\System32\IMM32.DLL
0x00007ffa01c40000 - 0x00007ffa01c4c000 	C:\Program Files\Java\openlogic-openjdk-17.0.11+9-windows-x64\bin\vcruntime140_1.dll
0x00007ff9b8660000 - 0x00007ff9b86ed000 	C:\Program Files\Java\openlogic-openjdk-17.0.11+9-windows-x64\bin\msvcp140.dll
0x00007ff936e50000 - 0x00007ff937ab2000 	C:\Program Files\Java\openlogic-openjdk-17.0.11+9-windows-x64\bin\server\jvm.dll
0x00007ffa09190000 - 0x00007ffa09244000 	C:\WINDOWS\System32\ADVAPI32.dll
0x00007ffa09c10000 - 0x00007ffa09cb6000 	C:\WINDOWS\System32\sechost.dll
0x00007ffa08a00000 - 0x00007ffa08b18000 	C:\WINDOWS\System32\RPCRT4.dll
0x00007ff9fc440000 - 0x00007ff9fc44a000 	C:\WINDOWS\SYSTEM32\WSOCK32.dll
0x00007ff9f1d10000 - 0x00007ff9f1d45000 	C:\WINDOWS\SYSTEM32\WINMM.dll
0x00007ffa06cf0000 - 0x00007ffa06d4e000 	C:\WINDOWS\SYSTEM32\POWRPROF.dll
0x00007ffa09b90000 - 0x00007ffa09c04000 	C:\WINDOWS\System32\WS2_32.dll
0x00007ff9f5120000 - 0x00007ff9f512b000 	C:\WINDOWS\SYSTEM32\VERSION.dll
0x00007ffa06cd0000 - 0x00007ffa06ce4000 	C:\WINDOWS\SYSTEM32\UMPDC.dll
0x00007ffa05c40000 - 0x00007ffa05c5b000 	C:\WINDOWS\SYSTEM32\kernel.appcore.dll
0x00007ffa01c30000 - 0x00007ffa01c3a000 	C:\Program Files\Java\openlogic-openjdk-17.0.11+9-windows-x64\bin\jimage.dll
0x00007ff9fd4b0000 - 0x00007ff9fd6f2000 	C:\WINDOWS\SYSTEM32\DBGHELP.DLL
0x00007ffa084d0000 - 0x00007ffa0884b000 	C:\WINDOWS\System32\combase.dll
0x00007ffa09ab0000 - 0x00007ffa09b87000 	C:\WINDOWS\System32\OLEAUT32.dll
0x00007ff9f2e70000 - 0x00007ff9f2ead000 	C:\WINDOWS\SYSTEM32\dbgcore.DLL
0x00007ffa076a0000 - 0x00007ffa07739000 	C:\WINDOWS\System32\bcryptPrimitives.dll
0x00007ff9eb660000 - 0x00007ff9eb66e000 	C:\Program Files\Java\openlogic-openjdk-17.0.11+9-windows-x64\bin\instrument.dll
0x00007ff9f30f0000 - 0x00007ff9f3115000 	C:\Program Files\Java\openlogic-openjdk-17.0.11+9-windows-x64\bin\java.dll
0x00007ff97eea0000 - 0x00007ff97ef76000 	C:\Program Files\Java\openlogic-openjdk-17.0.11+9-windows-x64\bin\jsvml.dll
0x00007ffa07b90000 - 0x00007ffa082dd000 	C:\WINDOWS\System32\SHELL32.dll
0x00007ffa074a0000 - 0x00007ffa0760c000 	C:\WINDOWS\System32\wintypes.dll
0x00007ffa04ab0000 - 0x00007ffa05309000 	C:\WINDOWS\SYSTEM32\windows.storage.dll
0x00007ffa09790000 - 0x00007ffa09880000 	C:\WINDOWS\System32\SHCORE.dll
0x00007ffa08990000 - 0x00007ffa089f2000 	C:\WINDOWS\System32\shlwapi.dll
0x00007ffa06db0000 - 0x00007ffa06dd9000 	C:\WINDOWS\SYSTEM32\profapi.dll
0x00007ff9e8b90000 - 0x00007ff9e8ba8000 	C:\Program Files\Java\openlogic-openjdk-17.0.11+9-windows-x64\bin\zip.dll
0x00007ff9eb1b0000 - 0x00007ff9eb1c9000 	C:\Program Files\Java\openlogic-openjdk-17.0.11+9-windows-x64\bin\net.dll
0x00007ff9fbac0000 - 0x00007ff9fbbdf000 	C:\WINDOWS\SYSTEM32\WINHTTP.dll
0x00007ffa061a0000 - 0x00007ffa0620b000 	C:\WINDOWS\system32\mswsock.dll
0x00007ff9ea230000 - 0x00007ff9ea246000 	C:\Program Files\Java\openlogic-openjdk-17.0.11+9-windows-x64\bin\nio.dll
0x00007ffa05710000 - 0x00007ffa05836000 	C:\WINDOWS\SYSTEM32\DNSAPI.dll
0x00007ffa05620000 - 0x00007ffa05654000 	C:\WINDOWS\SYSTEM32\IPHLPAPI.DLL
0x00007ffa08fe0000 - 0x00007ffa08fea000 	C:\WINDOWS\System32\NSI.dll
0x00007ff9fb770000 - 0x00007ff9fb77b000 	C:\Windows\System32\rasadhlp.dll
0x00007ff9fd050000 - 0x00007ff9fd0d6000 	C:\WINDOWS\System32\fwpuclnt.dll
0x00007ff9e8b80000 - 0x00007ff9e8b88000 	C:\Program Files\Java\openlogic-openjdk-17.0.11+9-windows-x64\bin\extnet.dll
0x00007ff9e8b50000 - 0x00007ff9e8b59000 	C:\Program Files\Java\openlogic-openjdk-17.0.11+9-windows-x64\bin\management.dll
0x00007ff9e8ae0000 - 0x00007ff9e8aeb000 	C:\Program Files\Java\openlogic-openjdk-17.0.11+9-windows-x64\bin\management_ext.dll
0x00007ffa09890000 - 0x00007ffa09898000 	C:\WINDOWS\System32\PSAPI.DLL
0x00007ffa06480000 - 0x00007ffa0649b000 	C:\WINDOWS\SYSTEM32\CRYPTSP.dll
0x00007ffa05ba0000 - 0x00007ffa05bdb000 	C:\WINDOWS\system32\rsaenh.dll
0x00007ffa06240000 - 0x00007ffa0626b000 	C:\WINDOWS\SYSTEM32\USERENV.dll
0x00007ffa06d80000 - 0x00007ffa06da6000 	C:\WINDOWS\SYSTEM32\bcrypt.dll
0x00007ffa06470000 - 0x00007ffa0647c000 	C:\WINDOWS\SYSTEM32\CRYPTBASE.dll
0x00007ff9fba90000 - 0x00007ff9fbaae000 	C:\WINDOWS\SYSTEM32\dhcpcsvc6.DLL
0x00007ff9fb050000 - 0x00007ff9fb073000 	C:\WINDOWS\SYSTEM32\dhcpcsvc.DLL
0x00007ff9ce650000 - 0x00007ff9ce668000 	C:\WINDOWS\system32\napinsp.dll
0x00007ff9ce630000 - 0x00007ff9ce642000 	C:\WINDOWS\System32\winrnr.dll
0x00007ff9ce600000 - 0x00007ff9ce628000 	C:\WINDOWS\system32\nlansp_c.dll
0x00007ff9f8c80000 - 0x00007ff9f8c96000 	C:\WINDOWS\system32\wshbth.dll
0x00007ff9db9b0000 - 0x00007ff9dba06000 	C:\WINDOWS\SYSTEM32\pdh.dll
0x00007ff9e1a80000 - 0x00007ff9e1aed000 	C:\WINDOWS\system32\mscoree.dll
0x00007ff9e19b0000 - 0x00007ff9e1a4b000 	C:\Windows\Microsoft.NET\Framework64\v4.0.30319\mscoreei.dll
0x00007ff9c8b90000 - 0x00007ff9c8bb5000 	C:\Windows\Microsoft.NET\Framework64\v4.0.30319\CorperfmonExt.dll
0x00007ff9e0960000 - 0x00007ff9e096c000 	C:\WINDOWS\SYSTEM32\VCRUNTIME140_1_CLR0400.dll
0x00007ff9e0a70000 - 0x00007ff9e0b3d000 	C:\WINDOWS\SYSTEM32\ucrtbase_clr0400.dll
0x00007ff9e0940000 - 0x00007ff9e095b000 	C:\WINDOWS\SYSTEM32\VCRUNTIME140_CLR0400.dll
0x00007ffa03bf0000 - 0x00007ffa03c1a000 	C:\WINDOWS\SYSTEM32\WTSAPI32.dll
0x00007ffa07740000 - 0x00007ffa078b7000 	C:\WINDOWS\System32\CRYPT32.dll
0x00007ffa05ee0000 - 0x00007ffa05f29000 	C:\WINDOWS\SYSTEM32\SspiCli.dll
0x00007ff9e6a70000 - 0x00007ff9e6a80000 	C:\Program Files\Java\openlogic-openjdk-17.0.11+9-windows-x64\bin\verify.dll
0x00007ff9c8870000 - 0x00007ff9c8896000 	C:\WINDOWS\system32\msscntrs.dll
0x00007ff9c69e0000 - 0x00007ff9c6a41000 	C:\WINDOWS\SYSTEM32\perf-MSSQLSERVER-sqlctr15.0.2000.5.dll
0x00007ff9d87c0000 - 0x00007ff9d87d4000 	C:\Program Files\Microsoft SQL Server\150\Shared\instapi150.dll
0x00007ff9ddb00000 - 0x00007ff9ddb0b000 	C:\Program Files\Microsoft SQL Server\MSAS15.MSSQLSERVER\OLAP\bin\Counters\MSMDCTR.DLL
0x00007ff9dad40000 - 0x00007ff9dad4b000 	C:\Windows\System32\rasctrs.dll
0x00007ff9cbe40000 - 0x00007ff9cbe78000 	C:\WINDOWS\SYSTEM32\rasman.dll
0x00007ff9da420000 - 0x00007ff9da43f000 	C:\WINDOWS\SYSTEM32\perf-MSSQL15.MSSQLSERVER-sqlagtctr.dll
0x00007ff9c6ad0000 - 0x00007ff9c6ae2000 	C:\WINDOWS\System32\perfproc.dll
0x00007ff9dd8e0000 - 0x00007ff9dd8f1000 	C:\WINDOWS\System32\perfos.dll
0x00007ffa05330000 - 0x00007ffa05342000 	C:\WINDOWS\SYSTEM32\pfclient.dll
0x00007ff9f30e0000 - 0x00007ff9f30ee000 	C:\Program Files\Java\openlogic-openjdk-17.0.11+9-windows-x64\bin\sunmscapi.dll
0x00007ffa066b0000 - 0x00007ffa066e0000 	C:\WINDOWS\SYSTEM32\ncrypt.dll
0x00007ffa06660000 - 0x00007ffa0669f000 	C:\WINDOWS\SYSTEM32\NTASN1.dll

dbghelp: loaded successfully - version: 4.0.5 - missing functions: none
symbol engine: initialized successfully - sym options: 0x614 - pdb path: .;C:\Program Files\Java\openlogic-openjdk-17.0.11+9-windows-x64\bin;C:\WINDOWS\SYSTEM32;C:\Program Files\Avast Software\Avast;C:\WINDOWS\WinSxS\amd64_microsoft.windows.common-controls_6595b64144ccf1df_6.0.26100.5074_none_3e0d6f78e32fd63f;C:\Program Files\Java\openlogic-openjdk-17.0.11+9-windows-x64\bin\server;C:\Windows\Microsoft.NET\Framework64\v4.0.30319;C:\Program Files\Microsoft SQL Server\150\Shared;C:\Program Files\Microsoft SQL Server\MSAS15.MSSQLSERVER\OLAP\bin\Counters

VM Arguments:
jvm_args: -javaagent:C:\Program Files\JetBrains\IntelliJ IDEA 2025.2.1\lib\idea_rt.jar=54651 -Dfile.encoding=UTF-8 
java_command: sn.seck.GestionCliniqueKissi.GestionCliniqueKissiApplication
java_class_path (initial): D:\GestionCliniqueKissi\target\classes;C:\Users\bmd tech\.m2\repository\org\springframework\boot\spring-boot-starter-data-jpa\3.0.13\spring-boot-starter-data-jpa-3.0.13.jar;C:\Users\bmd tech\.m2\repository\org\springframework\boot\spring-boot-starter-aop\3.0.6\spring-boot-starter-aop-3.0.6.jar;C:\Users\bmd tech\.m2\repository\org\aspectj\aspectjweaver\1.9.19\aspectjweaver-1.9.19.jar;C:\Users\bmd tech\.m2\repository\org\springframework\boot\spring-boot-starter-jdbc\3.0.6\spring-boot-starter-jdbc-3.0.6.jar;C:\Users\bmd tech\.m2\repository\com\zaxxer\HikariCP\5.0.1\HikariCP-5.0.1.jar;C:\Users\bmd tech\.m2\repository\org\springframework\spring-jdbc\6.0.8\spring-jdbc-6.0.8.jar;C:\Users\bmd tech\.m2\repository\org\hibernate\orm\hibernate-core\6.1.7.Final\hibernate-core-6.1.7.Final.jar;C:\Users\bmd tech\.m2\repository\jakarta\persistence\jakarta.persistence-api\3.1.0\jakarta.persistence-api-3.1.0.jar;C:\Users\bmd tech\.m2\repository\jakarta\transaction\jakarta.transaction-api\2.0.1\jakarta.transaction-api-2.0.1.jar;C:\Users\bmd tech\.m2\repository\org\jboss\logging\jboss-logging\3.5.0.Final\jboss-logging-3.5.0.Final.jar;C:\Users\bmd tech\.m2\repository\org\hibernate\common\hibernate-commons-annotations\6.0.6.Final\hibernate-commons-annotations-6.0.6.Final.jar;C:\Users\bmd tech\.m2\repository\org\jboss\jandex\2.4.2.Final\jandex-2.4.2.Final.jar;C:\Users\bmd tech\.m2\repository\com\fasterxml\classmate\1.5.1\classmate-1.5.1.jar;C:\Users\bmd tech\.m2\repository\org\glassfish\jaxb\jaxb-runtime\4.0.2\jaxb-runtime-4.0.2.jar;C:\Users\bmd tech\.m2\repository\org\glassfish\jaxb\jaxb-core\4.0.2\jaxb-core-4.0.2.jar;C:\Users\bmd tech\.m2\repository\org\eclipse\angus\angus-activation\2.0.0\angus-activation-2.0.0.jar;C:\Users\bmd tech\.m2\repository\org\glassfish\jaxb\txw2\4.0.2\txw2-4.0.2.jar;C:\Users\bmd tech\.m2\repository\com\sun\istack\istack-commons-runtime\4.1.1\istack-commons-runtime-4.1.1.jar;C:\Users\bmd tech\.m2\repository\jakarta\inject\jakarta.inj
Launcher Type: SUN_STANDARD

[Global flags]
     intx CICompilerCount                          = 4                                         {product} {ergonomic}
     uint ConcGCThreads                            = 2                                         {product} {ergonomic}
     uint G1ConcRefinementThreads                  = 8                                         {product} {ergonomic}
   size_t G1HeapRegionSize                         = 1048576                                   {product} {ergonomic}
    uintx GCDrainStackTargetSize                   = 64                                        {product} {ergonomic}
   size_t InitialHeapSize                          = 132120576                                 {product} {ergonomic}
   size_t MarkStackSize                            = 4194304                                   {product} {ergonomic}
   size_t MaxHeapSize                              = 2088763392                                {product} {ergonomic}
   size_t MaxNewSize                               = 1253048320                                {product} {ergonomic}
   size_t MinHeapDeltaBytes                        = 1048576                                   {product} {ergonomic}
   size_t MinHeapSize                              = 8388608                                   {product} {ergonomic}
    uintx NonNMethodCodeHeapSize                   = 5839372                                {pd product} {ergonomic}
    uintx NonProfiledCodeHeapSize                  = 122909434                              {pd product} {ergonomic}
    uintx ProfiledCodeHeapSize                     = 122909434                              {pd product} {ergonomic}
    uintx ReservedCodeCacheSize                    = 251658240                              {pd product} {ergonomic}
     bool SegmentedCodeCache                       = true                                      {product} {ergonomic}
   size_t SoftMaxHeapSize                          = 2088763392                             {manageable} {ergonomic}
     bool UseCompressedClassPointers               = true                           {product lp64_product} {ergonomic}
     bool UseCompressedOops                        = true                           {product lp64_product} {ergonomic}
     bool UseG1GC                                  = true                                      {product} {ergonomic}
     bool UseLargePagesIndividualAllocation        = false                                  {pd product} {ergonomic}

Logging:
Log output configuration:
 #0: stdout all=warning uptime,level,tags
 #1: stderr all=off uptime,level,tags

Environment Variables:
JAVA_HOME=C:\Program Files\Java\openlogic-openjdk-17.0.11+9-windows-x64
PATH=C:\Logiciel\apache-maven-3.9.9-bin\apache-maven-3.9.9\bin;C:\Python313\Scripts\;C:\Python313\;C:\Program Files\Java\openlogic-openjdk-17.0.11+9-windows-x64\bin;C:\Program Files (x86)\Common Files\Oracle\Java\java8path;C:\Program Files (x86)\Common Files\Oracle\Java\javapath;C:\WINDOWS\system32;C:\WINDOWS;C:\WINDOWS\System32\Wbem;C:\WINDOWS\System32\WindowsPowerShell\v1.0\;C:\WINDOWS\System32\OpenSSH\;C:\Program Files\PostgreSQL\14\bin;C:\Program Files\Microsoft SQL Server\Client SDK\ODBC\170\Tools\Binn\;C:\Program Files (x86)\Microsoft SQL Server\150\Tools\Binn\;C:\Program Files\Microsoft SQL Server\150\Tools\Binn\;C:\Program Files\Microsoft SQL Server\150\DTS\Binn\;C:\apache-tomcat-10.0.26\bin;C:\Program Files (x86)\Microsoft SQL Server\150\DTS\Binn\;C:\Program Files\Azure Data Studio\bin;C:\Program Files\Microsoft SQL Server\130\Tools\Binn\;C:\Program Files (x86)\Microsoft SQL Server\110\DTS\Binn\;C:\Program Files (x86)\Microsoft SQL Server\120\DTS\Binn\;C:\Program Files (x86)\Microsoft SQL Server\130\DTS\Binn\;C:\Program Files\Git\cmd;C:\php-8.1.8;C:\composer;C:\ProgramData\chocolatey\bin;C:\Logiciel\apache-maven-3.9.6\bin;C:\Program Files\Vagrant\bin;C:\Program Files\Kubernetes\Minikube;C:\WINDOWS\system32;C:\WINDOWS;C:\WINDOWS\System32\Wbem;C:\WINDOWS\System32\WindowsPowerShell\v1.0\;C:\WINDOWS\System32\OpenSSH\;C:\Program Files\nodejs\;C:\Tools;;C:\Program Files\Docker\Docker\resources\bin;C:\Users\bmd tech\AppData\Local\Programs\oh-my-posh\bin\;C:\Users\bmd tech\.console-ninja\.bin;C:\Program Files\Java;C:\Users\bmd tech\AppData\Local\Microsoft\WindowsApps;C:\Program Files\JetBrains\IntelliJ IDEA Community Edition 2022.1.2\bin;C:\Program Files\Azure Data Studio\bin;C:\Users\bmd tech\AppData\Roaming\Composer\vendor\bin;C:\Users\bmd tech\AppData\Local\Programs\Microsoft VS Code\bin;C:\wildfly-preview-24.0.1.Final\bin;C:\apache-tomcat-10.0.26\bin;C:\Program Files\JetBrains\IntelliJ IDEA 2024.3\bin;C:\Program Files\JetBrains\PhpStorm 2022.3.3\bin;C:\apache-tomc
USERNAME=bmd tech
OS=Windows_NT
PROCESSOR_IDENTIFIER=Intel64 Family 6 Model 126 Stepping 5, GenuineIntel
TMP=C:\Users\BMDTEC~1\AppData\Local\Temp
TEMP=C:\Users\BMDTEC~1\AppData\Local\Temp



Periodic native trim disabled


---------------  S Y S T E M  ---------------

OS:
 Windows 11 , 64 bit Build 26100 (10.0.26100.5074)
OS uptime: 6 days 7:26 hours
Hyper-V role detected

CPU: total 8 (initial active 8) (4 cores per cpu, 2 threads per core) family 6 model 126 stepping 5 microcode 0xa8, cx8, cmov, fxsr, ht, mmx, 3dnowpref, sse, sse2, sse3, ssse3, sse4.1, sse4.2, popcnt, lzcnt, tsc, tscinvbit, avx, avx2, aes, erms, clmul, bmi1, bmi2, adx, avx512f, avx512dq, avx512cd, avx512bw, avx512vl, sha, fma, vzeroupper, avx512_vpopcntdq, avx512_vpclmulqdq, avx512_vaes, avx512_vnni, clflush, clflushopt, avx512_vbmi2, avx512_vbmi, hv
Processor Information for all 8 processors :
  Max Mhz: 1190, Current Mhz: 991, Mhz Limit: 987

Memory: 4k page, system-wide physical 7967M (138M free)
TotalPageFile size 26260M (AvailPageFile size 5M)
current process WorkingSet (physical memory assigned to process): 150M, peak: 246M
current process commit charge ("private bytes"): 278M, peak: 306M

vm_info: OpenJDK 64-Bit Server VM (17.0.11+9-adhoc..jdk17u) for windows-amd64 JRE (17.0.11+9-adhoc..jdk17u), built on Apr 19 2024 08:33:45 by "" with MS VC++ 16.10 / 16.11 (VS2019)

END.
